{"/home/node/.openclaw/workspace/work/flow/openclaw-test-harness/ts/src/plugins/oc-event-loop-monitor/src/index.ts": {"path":"/home/node/.openclaw/workspace/work/flow/openclaw-test-harness/ts/src/plugins/oc-event-loop-monitor/src/index.ts","all":true,"statementMap":{"0":{"start":{"line":1,"column":0},"end":{"line":1,"column":3}},"12":{"start":{"line":13,"column":0},"end":{"line":13,"column":80}},"13":{"start":{"line":14,"column":0},"end":{"line":14,"column":114}},"14":{"start":{"line":15,"column":0},"end":{"line":15,"column":69}},"15":{"start":{"line":16,"column":0},"end":{"line":16,"column":44}},"16":{"start":{"line":17,"column":0},"end":{"line":17,"column":35}},"27":{"start":{"line":28,"column":0},"end":{"line":28,"column":26}},"28":{"start":{"line":29,"column":0},"end":{"line":29,"column":55}},"29":{"start":{"line":30,"column":0},"end":{"line":30,"column":39}},"30":{"start":{"line":31,"column":0},"end":{"line":31,"column":45}},"31":{"start":{"line":32,"column":0},"end":{"line":32,"column":44}},"32":{"start":{"line":33,"column":0},"end":{"line":33,"column":28}},"34":{"start":{"line":35,"column":0},"end":{"line":35,"column":17}},"35":{"start":{"line":36,"column":0},"end":{"line":36,"column":28}},"36":{"start":{"line":37,"column":0},"end":{"line":37,"column":3}},"38":{"start":{"line":39,"column":0},"end":{"line":39,"column":46}},"39":{"start":{"line":40,"column":0},"end":{"line":40,"column":63}},"40":{"start":{"line":41,"column":0},"end":{"line":41,"column":63}},"41":{"start":{"line":42,"column":0},"end":{"line":42,"column":60}},"43":{"start":{"line":44,"column":0},"end":{"line":44,"column":40}},"44":{"start":{"line":45,"column":0},"end":{"line":45,"column":47}},"45":{"start":{"line":46,"column":0},"end":{"line":46,"column":57}},"46":{"start":{"line":47,"column":0},"end":{"line":47,"column":45}},"47":{"start":{"line":48,"column":0},"end":{"line":48,"column":64}},"48":{"start":{"line":49,"column":0},"end":{"line":49,"column":38}},"49":{"start":{"line":50,"column":0},"end":{"line":50,"column":24}},"51":{"start":{"line":52,"column":0},"end":{"line":52,"column":39}},"52":{"start":{"line":53,"column":0},"end":{"line":53,"column":14}},"53":{"start":{"line":54,"column":0},"end":{"line":54,"column":21}},"54":{"start":{"line":55,"column":0},"end":{"line":55,"column":40}},"55":{"start":{"line":56,"column":0},"end":{"line":56,"column":19}},"56":{"start":{"line":57,"column":0},"end":{"line":57,"column":15}},"57":{"start":{"line":58,"column":0},"end":{"line":58,"column":6}},"59":{"start":{"line":60,"column":0},"end":{"line":60,"column":32}},"60":{"start":{"line":61,"column":0},"end":{"line":61,"column":50}},"61":{"start":{"line":62,"column":0},"end":{"line":62,"column":28}},"62":{"start":{"line":63,"column":0},"end":{"line":63,"column":5}},"64":{"start":{"line":65,"column":0},"end":{"line":65,"column":19}},"65":{"start":{"line":66,"column":0},"end":{"line":66,"column":3}},"67":{"start":{"line":68,"column":0},"end":{"line":68,"column":76}},"68":{"start":{"line":69,"column":0},"end":{"line":69,"column":92}},"69":{"start":{"line":70,"column":0},"end":{"line":70,"column":3}},"71":{"start":{"line":72,"column":0},"end":{"line":72,"column":11}},"72":{"start":{"line":73,"column":0},"end":{"line":73,"column":27}},"73":{"start":{"line":74,"column":0},"end":{"line":74,"column":23}},"74":{"start":{"line":75,"column":0},"end":{"line":75,"column":3}},"76":{"start":{"line":77,"column":0},"end":{"line":77,"column":10}},"77":{"start":{"line":78,"column":0},"end":{"line":78,"column":29}},"78":{"start":{"line":79,"column":0},"end":{"line":79,"column":3}},"79":{"start":{"line":80,"column":0},"end":{"line":80,"column":1}},"81":{"start":{"line":82,"column":0},"end":{"line":82,"column":34}},"82":{"start":{"line":83,"column":0},"end":{"line":83,"column":30}},"83":{"start":{"line":84,"column":0},"end":{"line":84,"column":32}},"84":{"start":{"line":85,"column":0},"end":{"line":85,"column":75}},"85":{"start":{"line":86,"column":0},"end":{"line":86,"column":62}},"86":{"start":{"line":87,"column":0},"end":{"line":87,"column":63}},"87":{"start":{"line":88,"column":0},"end":{"line":88,"column":47}},"90":{"start":{"line":91,"column":0},"end":{"line":91,"column":56}},"91":{"start":{"line":92,"column":0},"end":{"line":92,"column":11}},"92":{"start":{"line":93,"column":0},"end":{"line":93,"column":34}},"93":{"start":{"line":94,"column":0},"end":{"line":94,"column":15}},"95":{"start":{"line":96,"column":0},"end":{"line":96,"column":7}},"96":{"start":{"line":97,"column":0},"end":{"line":97,"column":7}},"99":{"start":{"line":100,"column":0},"end":{"line":100,"column":54}},"100":{"start":{"line":101,"column":0},"end":{"line":101,"column":11}},"101":{"start":{"line":102,"column":0},"end":{"line":102,"column":34}},"102":{"start":{"line":103,"column":0},"end":{"line":103,"column":15}},"104":{"start":{"line":105,"column":0},"end":{"line":105,"column":7}},"105":{"start":{"line":106,"column":0},"end":{"line":106,"column":7}},"108":{"start":{"line":109,"column":0},"end":{"line":109,"column":50}},"109":{"start":{"line":110,"column":0},"end":{"line":110,"column":23}},"110":{"start":{"line":111,"column":0},"end":{"line":111,"column":7}},"113":{"start":{"line":114,"column":0},"end":{"line":114,"column":22}},"114":{"start":{"line":115,"column":0},"end":{"line":115,"column":32}},"115":{"start":{"line":116,"column":0},"end":{"line":116,"column":18}},"116":{"start":{"line":117,"column":0},"end":{"line":117,"column":75}},"119":{"start":{"line":120,"column":0},"end":{"line":120,"column":34}},"120":{"start":{"line":121,"column":0},"end":{"line":121,"column":68}},"121":{"start":{"line":122,"column":0},"end":{"line":122,"column":13}},"122":{"start":{"line":123,"column":0},"end":{"line":123,"column":52}},"123":{"start":{"line":124,"column":0},"end":{"line":124,"column":51}},"124":{"start":{"line":125,"column":0},"end":{"line":125,"column":18}},"125":{"start":{"line":126,"column":0},"end":{"line":126,"column":23}},"126":{"start":{"line":127,"column":0},"end":{"line":127,"column":36}},"127":{"start":{"line":128,"column":0},"end":{"line":128,"column":36}},"128":{"start":{"line":129,"column":0},"end":{"line":129,"column":25}},"129":{"start":{"line":130,"column":0},"end":{"line":130,"column":38}},"130":{"start":{"line":131,"column":0},"end":{"line":131,"column":78}},"131":{"start":{"line":132,"column":0},"end":{"line":132,"column":92}},"132":{"start":{"line":133,"column":0},"end":{"line":133,"column":76}},"133":{"start":{"line":134,"column":0},"end":{"line":134,"column":68}},"134":{"start":{"line":135,"column":0},"end":{"line":135,"column":41}},"135":{"start":{"line":136,"column":0},"end":{"line":136,"column":26}},"136":{"start":{"line":137,"column":0},"end":{"line":137,"column":15}},"137":{"start":{"line":138,"column":0},"end":{"line":138,"column":12}},"138":{"start":{"line":139,"column":0},"end":{"line":139,"column":23}},"139":{"start":{"line":140,"column":0},"end":{"line":140,"column":18}},"140":{"start":{"line":141,"column":0},"end":{"line":141,"column":91}},"141":{"start":{"line":142,"column":0},"end":{"line":142,"column":12}},"142":{"start":{"line":143,"column":0},"end":{"line":143,"column":9}},"143":{"start":{"line":144,"column":0},"end":{"line":144,"column":8}},"144":{"start":{"line":145,"column":0},"end":{"line":145,"column":7}},"145":{"start":{"line":146,"column":0},"end":{"line":146,"column":4}},"146":{"start":{"line":147,"column":0},"end":{"line":147,"column":3}}},"s":{"0":0,"12":0,"13":0,"14":0,"15":0,"16":0,"27":0,"28":0,"29":0,"30":0,"31":0,"32":0,"34":0,"35":0,"36":0,"38":0,"39":0,"40":0,"41":0,"43":0,"44":0,"45":0,"46":0,"47":0,"48":0,"49":0,"51":0,"52":0,"53":0,"54":0,"55":0,"56":0,"57":0,"59":0,"60":0,"61":0,"62":0,"64":0,"65":0,"67":0,"68":0,"69":0,"71":0,"72":0,"73":0,"74":0,"76":0,"77":0,"78":0,"79":0,"81":0,"82":0,"83":0,"84":0,"85":0,"86":0,"87":0,"90":0,"91":0,"92":0,"93":0,"95":0,"96":0,"99":0,"100":0,"101":0,"102":0,"104":0,"105":0,"108":0,"109":0,"110":0,"113":0,"114":0,"115":0,"116":0,"119":0,"120":0,"121":0,"122":0,"123":0,"124":0,"125":0,"126":0,"127":0,"128":0,"129":0,"130":0,"131":0,"132":0,"133":0,"134":0,"135":0,"136":0,"137":0,"138":0,"139":0,"140":0,"141":0,"142":0,"143":0,"144":0,"145":0,"146":0},"branchMap":{"0":{"type":"branch","line":1,"loc":{"start":{"line":1,"column":4676},"end":{"line":147,"column":3}},"locations":[{"start":{"line":1,"column":4676},"end":{"line":147,"column":3}}]}},"b":{"0":[0]},"fnMap":{"0":{"name":"(empty-report)","decl":{"start":{"line":1,"column":4676},"end":{"line":147,"column":3}},"loc":{"start":{"line":1,"column":4676},"end":{"line":147,"column":3}},"line":1}},"f":{"0":0}}
,"/home/node/.openclaw/workspace/work/flow/openclaw-test-harness/ts/src/plugins/oc-session-guard/src/index.ts": {"path":"/home/node/.openclaw/workspace/work/flow/openclaw-test-harness/ts/src/plugins/oc-session-guard/src/index.ts","all":true,"statementMap":{"0":{"start":{"line":1,"column":0},"end":{"line":1,"column":3}},"20":{"start":{"line":21,"column":0},"end":{"line":21,"column":80}},"21":{"start":{"line":22,"column":0},"end":{"line":22,"column":104}},"27":{"start":{"line":28,"column":0},"end":{"line":28,"column":26}},"36":{"start":{"line":37,"column":0},"end":{"line":37,"column":30}},"37":{"start":{"line":38,"column":0},"end":{"line":38,"column":26}},"38":{"start":{"line":39,"column":0},"end":{"line":39,"column":23}},"39":{"start":{"line":40,"column":0},"end":{"line":40,"column":19}},"40":{"start":{"line":41,"column":0},"end":{"line":41,"column":24}},"41":{"start":{"line":42,"column":0},"end":{"line":42,"column":26}},"42":{"start":{"line":43,"column":0},"end":{"line":43,"column":22}},"43":{"start":{"line":44,"column":0},"end":{"line":44,"column":2}},"45":{"start":{"line":46,"column":0},"end":{"line":46,"column":34}},"46":{"start":{"line":47,"column":0},"end":{"line":47,"column":25}},"47":{"start":{"line":48,"column":0},"end":{"line":48,"column":27}},"48":{"start":{"line":49,"column":0},"end":{"line":49,"column":92}},"49":{"start":{"line":50,"column":0},"end":{"line":50,"column":62}},"50":{"start":{"line":51,"column":0},"end":{"line":51,"column":73}},"51":{"start":{"line":52,"column":0},"end":{"line":52,"column":64}},"52":{"start":{"line":53,"column":0},"end":{"line":53,"column":46}},"53":{"start":{"line":54,"column":0},"end":{"line":54,"column":42}},"55":{"start":{"line":56,"column":0},"end":{"line":56,"column":80}},"56":{"start":{"line":57,"column":0},"end":{"line":57,"column":93}},"59":{"start":{"line":60,"column":0},"end":{"line":60,"column":54}},"60":{"start":{"line":61,"column":0},"end":{"line":61,"column":11}},"61":{"start":{"line":62,"column":0},"end":{"line":62,"column":41}},"62":{"start":{"line":63,"column":0},"end":{"line":63,"column":25}},"63":{"start":{"line":64,"column":0},"end":{"line":64,"column":58}},"64":{"start":{"line":65,"column":0},"end":{"line":65,"column":22}},"65":{"start":{"line":66,"column":0},"end":{"line":66,"column":22}},"66":{"start":{"line":67,"column":0},"end":{"line":67,"column":28}},"67":{"start":{"line":68,"column":0},"end":{"line":68,"column":11}},"68":{"start":{"line":69,"column":0},"end":{"line":69,"column":38}},"69":{"start":{"line":70,"column":0},"end":{"line":70,"column":27}},"70":{"start":{"line":71,"column":0},"end":{"line":71,"column":72}},"71":{"start":{"line":72,"column":0},"end":{"line":72,"column":60}},"72":{"start":{"line":73,"column":0},"end":{"line":73,"column":54}},"73":{"start":{"line":74,"column":0},"end":{"line":74,"column":10}},"74":{"start":{"line":75,"column":0},"end":{"line":75,"column":21}},"75":{"start":{"line":76,"column":0},"end":{"line":76,"column":90}},"76":{"start":{"line":77,"column":0},"end":{"line":77,"column":7}},"77":{"start":{"line":78,"column":0},"end":{"line":78,"column":7}},"80":{"start":{"line":81,"column":0},"end":{"line":81,"column":49}},"81":{"start":{"line":82,"column":0},"end":{"line":82,"column":11}},"82":{"start":{"line":83,"column":0},"end":{"line":83,"column":41}},"83":{"start":{"line":84,"column":0},"end":{"line":84,"column":25}},"84":{"start":{"line":85,"column":0},"end":{"line":85,"column":58}},"85":{"start":{"line":86,"column":0},"end":{"line":86,"column":22}},"86":{"start":{"line":87,"column":0},"end":{"line":87,"column":22}},"87":{"start":{"line":88,"column":0},"end":{"line":88,"column":28}},"88":{"start":{"line":89,"column":0},"end":{"line":89,"column":11}},"89":{"start":{"line":90,"column":0},"end":{"line":90,"column":38}},"90":{"start":{"line":91,"column":0},"end":{"line":91,"column":27}},"91":{"start":{"line":92,"column":0},"end":{"line":92,"column":81}},"92":{"start":{"line":93,"column":0},"end":{"line":93,"column":10}},"93":{"start":{"line":94,"column":0},"end":{"line":94,"column":21}},"94":{"start":{"line":95,"column":0},"end":{"line":95,"column":85}},"95":{"start":{"line":96,"column":0},"end":{"line":96,"column":7}},"96":{"start":{"line":97,"column":0},"end":{"line":97,"column":7}},"99":{"start":{"line":100,"column":0},"end":{"line":100,"column":22}},"100":{"start":{"line":101,"column":0},"end":{"line":101,"column":29}},"101":{"start":{"line":102,"column":0},"end":{"line":102,"column":18}},"102":{"start":{"line":103,"column":0},"end":{"line":103,"column":81}},"104":{"start":{"line":105,"column":0},"end":{"line":105,"column":34}},"105":{"start":{"line":106,"column":0},"end":{"line":106,"column":68}},"106":{"start":{"line":107,"column":0},"end":{"line":107,"column":13}},"107":{"start":{"line":108,"column":0},"end":{"line":108,"column":43}},"108":{"start":{"line":109,"column":0},"end":{"line":109,"column":21}},"109":{"start":{"line":110,"column":0},"end":{"line":110,"column":20}},"110":{"start":{"line":111,"column":0},"end":{"line":111,"column":84}},"111":{"start":{"line":112,"column":0},"end":{"line":112,"column":14}},"112":{"start":{"line":113,"column":0},"end":{"line":113,"column":11}},"113":{"start":{"line":114,"column":0},"end":{"line":114,"column":48}},"114":{"start":{"line":115,"column":0},"end":{"line":115,"column":94}},"115":{"start":{"line":116,"column":0},"end":{"line":116,"column":50}},"116":{"start":{"line":117,"column":0},"end":{"line":117,"column":18}},"117":{"start":{"line":118,"column":0},"end":{"line":118,"column":23}},"118":{"start":{"line":119,"column":0},"end":{"line":119,"column":36}},"119":{"start":{"line":120,"column":0},"end":{"line":120,"column":36}},"120":{"start":{"line":121,"column":0},"end":{"line":121,"column":25}},"121":{"start":{"line":122,"column":0},"end":{"line":122,"column":34}},"122":{"start":{"line":123,"column":0},"end":{"line":123,"column":30}},"123":{"start":{"line":124,"column":0},"end":{"line":124,"column":32}},"124":{"start":{"line":125,"column":0},"end":{"line":125,"column":48}},"125":{"start":{"line":126,"column":0},"end":{"line":126,"column":26}},"126":{"start":{"line":127,"column":0},"end":{"line":127,"column":15}},"127":{"start":{"line":128,"column":0},"end":{"line":128,"column":12}},"128":{"start":{"line":129,"column":0},"end":{"line":129,"column":23}},"129":{"start":{"line":130,"column":0},"end":{"line":130,"column":18}},"130":{"start":{"line":131,"column":0},"end":{"line":131,"column":94}},"131":{"start":{"line":132,"column":0},"end":{"line":132,"column":12}},"132":{"start":{"line":133,"column":0},"end":{"line":133,"column":9}},"133":{"start":{"line":134,"column":0},"end":{"line":134,"column":8}},"134":{"start":{"line":135,"column":0},"end":{"line":135,"column":7}},"137":{"start":{"line":138,"column":0},"end":{"line":138,"column":22}},"138":{"start":{"line":139,"column":0},"end":{"line":139,"column":30}},"139":{"start":{"line":140,"column":0},"end":{"line":140,"column":18}},"140":{"start":{"line":141,"column":0},"end":{"line":141,"column":89}},"142":{"start":{"line":143,"column":0},"end":{"line":143,"column":34}},"143":{"start":{"line":144,"column":0},"end":{"line":144,"column":68}},"144":{"start":{"line":145,"column":0},"end":{"line":145,"column":13}},"145":{"start":{"line":146,"column":0},"end":{"line":146,"column":43}},"146":{"start":{"line":147,"column":0},"end":{"line":147,"column":21}},"147":{"start":{"line":148,"column":0},"end":{"line":148,"column":20}},"148":{"start":{"line":149,"column":0},"end":{"line":149,"column":84}},"149":{"start":{"line":150,"column":0},"end":{"line":150,"column":14}},"150":{"start":{"line":151,"column":0},"end":{"line":151,"column":11}},"151":{"start":{"line":152,"column":0},"end":{"line":152,"column":60}},"152":{"start":{"line":153,"column":0},"end":{"line":153,"column":24}},"153":{"start":{"line":154,"column":0},"end":{"line":154,"column":24}},"154":{"start":{"line":155,"column":0},"end":{"line":155,"column":30}},"155":{"start":{"line":156,"column":0},"end":{"line":156,"column":13}},"156":{"start":{"line":157,"column":0},"end":{"line":157,"column":40}},"157":{"start":{"line":158,"column":0},"end":{"line":158,"column":18}},"158":{"start":{"line":159,"column":0},"end":{"line":159,"column":23}},"159":{"start":{"line":160,"column":0},"end":{"line":160,"column":36}},"160":{"start":{"line":161,"column":0},"end":{"line":161,"column":52}},"161":{"start":{"line":162,"column":0},"end":{"line":162,"column":15}},"162":{"start":{"line":163,"column":0},"end":{"line":163,"column":12}},"163":{"start":{"line":164,"column":0},"end":{"line":164,"column":23}},"164":{"start":{"line":165,"column":0},"end":{"line":165,"column":18}},"165":{"start":{"line":166,"column":0},"end":{"line":166,"column":89}},"166":{"start":{"line":167,"column":0},"end":{"line":167,"column":12}},"167":{"start":{"line":168,"column":0},"end":{"line":168,"column":9}},"168":{"start":{"line":169,"column":0},"end":{"line":169,"column":8}},"169":{"start":{"line":170,"column":0},"end":{"line":170,"column":7}},"170":{"start":{"line":171,"column":0},"end":{"line":171,"column":4}},"171":{"start":{"line":172,"column":0},"end":{"line":172,"column":3}}},"s":{"0":0,"20":0,"21":0,"27":0,"36":0,"37":0,"38":0,"39":0,"40":0,"41":0,"42":0,"43":0,"45":0,"46":0,"47":0,"48":0,"49":0,"50":0,"51":0,"52":0,"53":0,"55":0,"56":0,"59":0,"60":0,"61":0,"62":0,"63":0,"64":0,"65":0,"66":0,"67":0,"68":0,"69":0,"70":0,"71":0,"72":0,"73":0,"74":0,"75":0,"76":0,"77":0,"80":0,"81":0,"82":0,"83":0,"84":0,"85":0,"86":0,"87":0,"88":0,"89":0,"90":0,"91":0,"92":0,"93":0,"94":0,"95":0,"96":0,"99":0,"100":0,"101":0,"102":0,"104":0,"105":0,"106":0,"107":0,"108":0,"109":0,"110":0,"111":0,"112":0,"113":0,"114":0,"115":0,"116":0,"117":0,"118":0,"119":0,"120":0,"121":0,"122":0,"123":0,"124":0,"125":0,"126":0,"127":0,"128":0,"129":0,"130":0,"131":0,"132":0,"133":0,"134":0,"137":0,"138":0,"139":0,"140":0,"142":0,"143":0,"144":0,"145":0,"146":0,"147":0,"148":0,"149":0,"150":0,"151":0,"152":0,"153":0,"154":0,"155":0,"156":0,"157":0,"158":0,"159":0,"160":0,"161":0,"162":0,"163":0,"164":0,"165":0,"166":0,"167":0,"168":0,"169":0,"170":0,"171":0},"branchMap":{"0":{"type":"branch","line":1,"loc":{"start":{"line":1,"column":5688},"end":{"line":172,"column":3}},"locations":[{"start":{"line":1,"column":5688},"end":{"line":172,"column":3}}]}},"b":{"0":[0]},"fnMap":{"0":{"name":"(empty-report)","decl":{"start":{"line":1,"column":5688},"end":{"line":172,"column":3}},"loc":{"start":{"line":1,"column":5688},"end":{"line":172,"column":3}},"line":1}},"f":{"0":0}}
,"/home/node/.openclaw/workspace/work/flow/openclaw-test-harness/ts/src/plugins/oc-session-guard/src/sessions-io.ts": {"path":"/home/node/.openclaw/workspace/work/flow/openclaw-test-harness/ts/src/plugins/oc-session-guard/src/sessions-io.ts","all":true,"statementMap":{"0":{"start":{"line":1,"column":0},"end":{"line":1,"column":3}},"18":{"start":{"line":19,"column":0},"end":{"line":19,"column":29}},"19":{"start":{"line":20,"column":0},"end":{"line":20,"column":35}},"20":{"start":{"line":21,"column":0},"end":{"line":21,"column":48}},"21":{"start":{"line":22,"column":0},"end":{"line":22,"column":2}},"26":{"start":{"line":27,"column":0},"end":{"line":27,"column":65}},"27":{"start":{"line":28,"column":0},"end":{"line":28,"column":33}},"28":{"start":{"line":29,"column":0},"end":{"line":29,"column":34}},"29":{"start":{"line":30,"column":0},"end":{"line":30,"column":7}},"30":{"start":{"line":31,"column":0},"end":{"line":31,"column":40}},"31":{"start":{"line":32,"column":0},"end":{"line":32,"column":42}},"32":{"start":{"line":33,"column":0},"end":{"line":33,"column":11}},"33":{"start":{"line":34,"column":0},"end":{"line":34,"column":16}},"34":{"start":{"line":35,"column":0},"end":{"line":35,"column":3}},"35":{"start":{"line":36,"column":0},"end":{"line":36,"column":1}},"37":{"start":{"line":38,"column":0},"end":{"line":38,"column":71}},"38":{"start":{"line":39,"column":0},"end":{"line":39,"column":33}},"39":{"start":{"line":40,"column":0},"end":{"line":40,"column":50}},"40":{"start":{"line":41,"column":0},"end":{"line":41,"column":1}}},"s":{"0":0,"18":0,"19":0,"20":0,"21":0,"26":0,"27":0,"28":0,"29":0,"30":0,"31":0,"32":0,"33":0,"34":0,"35":0,"37":0,"38":0,"39":0,"40":0},"branchMap":{"0":{"type":"branch","line":1,"loc":{"start":{"line":1,"column":1227},"end":{"line":41,"column":1}},"locations":[{"start":{"line":1,"column":1227},"end":{"line":41,"column":1}}]}},"b":{"0":[0]},"fnMap":{"0":{"name":"(empty-report)","decl":{"start":{"line":1,"column":1227},"end":{"line":41,"column":1}},"loc":{"start":{"line":1,"column":1227},"end":{"line":41,"column":1}},"line":1}},"f":{"0":0}}
,"/home/node/.openclaw/workspace/work/flow/openclaw-test-harness/ts/src/plugins/oc-sidecar/src/session-cleanup.ts": {"path":"/home/node/.openclaw/workspace/work/flow/openclaw-test-harness/ts/src/plugins/oc-sidecar/src/session-cleanup.ts","all":false,"statementMap":{"50":{"start":{"line":51,"column":0},"end":{"line":51,"column":33}},"51":{"start":{"line":52,"column":0},"end":{"line":52,"column":24}},"52":{"start":{"line":53,"column":0},"end":{"line":53,"column":23}},"53":{"start":{"line":54,"column":0},"end":{"line":54,"column":52}},"54":{"start":{"line":55,"column":0},"end":{"line":55,"column":24}},"55":{"start":{"line":56,"column":0},"end":{"line":56,"column":34}},"57":{"start":{"line":58,"column":0},"end":{"line":58,"column":56}},"58":{"start":{"line":59,"column":0},"end":{"line":59,"column":42}},"59":{"start":{"line":60,"column":0},"end":{"line":60,"column":57}},"60":{"start":{"line":61,"column":0},"end":{"line":61,"column":40}},"61":{"start":{"line":62,"column":0},"end":{"line":62,"column":24}},"62":{"start":{"line":63,"column":0},"end":{"line":63,"column":14}},"63":{"start":{"line":64,"column":0},"end":{"line":64,"column":36}},"64":{"start":{"line":65,"column":0},"end":{"line":65,"column":7}},"65":{"start":{"line":66,"column":0},"end":{"line":66,"column":5}},"66":{"start":{"line":67,"column":0},"end":{"line":67,"column":32}},"67":{"start":{"line":68,"column":0},"end":{"line":68,"column":3}},"69":{"start":{"line":70,"column":0},"end":{"line":70,"column":36}},"70":{"start":{"line":71,"column":0},"end":{"line":71,"column":1}},"76":{"start":{"line":77,"column":0},"end":{"line":77,"column":36}},"77":{"start":{"line":78,"column":0},"end":{"line":78,"column":24}},"78":{"start":{"line":79,"column":0},"end":{"line":79,"column":46}},"79":{"start":{"line":80,"column":0},"end":{"line":80,"column":51}},"80":{"start":{"line":81,"column":0},"end":{"line":81,"column":66}},"81":{"start":{"line":82,"column":0},"end":{"line":82,"column":34}},"82":{"start":{"line":83,"column":0},"end":{"line":83,"column":34}},"84":{"start":{"line":85,"column":0},"end":{"line":85,"column":56}},"86":{"start":{"line":87,"column":0},"end":{"line":87,"column":36}},"87":{"start":{"line":88,"column":0},"end":{"line":88,"column":27}},"88":{"start":{"line":89,"column":0},"end":{"line":89,"column":15}},"89":{"start":{"line":90,"column":0},"end":{"line":90,"column":5}},"92":{"start":{"line":93,"column":0},"end":{"line":93,"column":80}},"93":{"start":{"line":94,"column":0},"end":{"line":94,"column":28}},"94":{"start":{"line":95,"column":0},"end":{"line":95,"column":78}},"95":{"start":{"line":96,"column":0},"end":{"line":96,"column":63}},"97":{"start":{"line":98,"column":0},"end":{"line":98,"column":34}},"98":{"start":{"line":99,"column":0},"end":{"line":99,"column":27}},"99":{"start":{"line":100,"column":0},"end":{"line":100,"column":12}},"100":{"start":{"line":101,"column":0},"end":{"line":101,"column":27}},"101":{"start":{"line":102,"column":0},"end":{"line":102,"column":5}},"102":{"start":{"line":103,"column":0},"end":{"line":103,"column":3}},"104":{"start":{"line":105,"column":0},"end":{"line":105,"column":33}},"105":{"start":{"line":106,"column":0},"end":{"line":106,"column":1}},"110":{"start":{"line":111,"column":0},"end":{"line":111,"column":37}},"111":{"start":{"line":112,"column":0},"end":{"line":112,"column":22}},"112":{"start":{"line":113,"column":0},"end":{"line":113,"column":21}},"113":{"start":{"line":114,"column":0},"end":{"line":114,"column":23}},"114":{"start":{"line":115,"column":0},"end":{"line":115,"column":18}},"115":{"start":{"line":116,"column":0},"end":{"line":116,"column":53}},"116":{"start":{"line":117,"column":0},"end":{"line":117,"column":51}},"117":{"start":{"line":118,"column":0},"end":{"line":118,"column":60}},"118":{"start":{"line":119,"column":0},"end":{"line":119,"column":58}},"120":{"start":{"line":121,"column":0},"end":{"line":121,"column":10}},"121":{"start":{"line":122,"column":0},"end":{"line":122,"column":44}},"122":{"start":{"line":123,"column":0},"end":{"line":123,"column":42}},"123":{"start":{"line":124,"column":0},"end":{"line":124,"column":72}},"124":{"start":{"line":125,"column":0},"end":{"line":125,"column":38}},"125":{"start":{"line":126,"column":0},"end":{"line":126,"column":16}},"126":{"start":{"line":127,"column":0},"end":{"line":127,"column":15}},"127":{"start":{"line":128,"column":0},"end":{"line":128,"column":21}},"128":{"start":{"line":129,"column":0},"end":{"line":129,"column":21}},"129":{"start":{"line":130,"column":0},"end":{"line":130,"column":58}},"130":{"start":{"line":131,"column":0},"end":{"line":131,"column":12}},"131":{"start":{"line":132,"column":0},"end":{"line":132,"column":4}},"132":{"start":{"line":133,"column":0},"end":{"line":133,"column":1}},"138":{"start":{"line":139,"column":0},"end":{"line":139,"column":32}},"139":{"start":{"line":140,"column":0},"end":{"line":140,"column":24}},"140":{"start":{"line":141,"column":0},"end":{"line":141,"column":22}},"141":{"start":{"line":142,"column":0},"end":{"line":142,"column":52}},"142":{"start":{"line":143,"column":0},"end":{"line":143,"column":64}},"143":{"start":{"line":144,"column":0},"end":{"line":144,"column":13}},"144":{"start":{"line":145,"column":0},"end":{"line":145,"column":20}},"145":{"start":{"line":146,"column":0},"end":{"line":146,"column":4}},"146":{"start":{"line":147,"column":0},"end":{"line":147,"column":61}},"147":{"start":{"line":148,"column":0},"end":{"line":148,"column":34}},"148":{"start":{"line":149,"column":0},"end":{"line":149,"column":22}},"149":{"start":{"line":150,"column":0},"end":{"line":150,"column":5}},"150":{"start":{"line":151,"column":0},"end":{"line":151,"column":71}},"151":{"start":{"line":152,"column":0},"end":{"line":152,"column":37}},"152":{"start":{"line":153,"column":0},"end":{"line":153,"column":1}}},"s":{"50":1,"51":6,"52":6,"53":6,"54":6,"55":6,"57":6,"58":17,"59":17,"60":90,"61":16,"62":90,"63":74,"64":74,"65":90,"66":17,"67":17,"69":6,"70":6,"76":1,"77":5,"78":5,"79":5,"80":5,"81":5,"82":5,"84":5,"86":14,"87":4,"88":4,"89":4,"92":14,"93":14,"94":14,"95":14,"97":14,"98":7,"99":14,"100":3,"101":3,"102":14,"104":5,"105":5,"110":1,"111":4,"112":4,"113":4,"114":4,"115":4,"116":4,"117":4,"118":4,"120":4,"121":4,"122":4,"123":4,"124":4,"125":4,"126":4,"127":4,"128":4,"129":4,"130":0,"131":4,"132":4,"138":1,"139":2,"140":2,"141":2,"142":2,"143":2,"144":2,"145":2,"146":2,"147":2,"148":2,"149":2,"150":2,"151":2,"152":2},"branchMap":{"0":{"type":"branch","line":51,"loc":{"start":{"line":51,"column":7},"end":{"line":71,"column":1}},"locations":[{"start":{"line":51,"column":7},"end":{"line":71,"column":1}}]},"1":{"type":"branch","line":58,"loc":{"start":{"line":58,"column":55},"end":{"line":68,"column":3}},"locations":[{"start":{"line":58,"column":55},"end":{"line":68,"column":3}}]},"2":{"type":"branch","line":60,"loc":{"start":{"line":60,"column":56},"end":{"line":66,"column":5}},"locations":[{"start":{"line":60,"column":56},"end":{"line":66,"column":5}}]},"3":{"type":"branch","line":61,"loc":{"start":{"line":61,"column":39},"end":{"line":63,"column":13}},"locations":[{"start":{"line":61,"column":39},"end":{"line":63,"column":13}}]},"4":{"type":"branch","line":63,"loc":{"start":{"line":63,"column":6},"end":{"line":65,"column":7}},"locations":[{"start":{"line":63,"column":6},"end":{"line":65,"column":7}}]},"5":{"type":"branch","line":77,"loc":{"start":{"line":77,"column":7},"end":{"line":106,"column":1}},"locations":[{"start":{"line":77,"column":7},"end":{"line":106,"column":1}}]},"6":{"type":"branch","line":85,"loc":{"start":{"line":85,"column":55},"end":{"line":103,"column":3}},"locations":[{"start":{"line":85,"column":55},"end":{"line":103,"column":3}}]},"7":{"type":"branch","line":87,"loc":{"start":{"line":87,"column":35},"end":{"line":90,"column":5}},"locations":[{"start":{"line":87,"column":35},"end":{"line":90,"column":5}}]},"8":{"type":"branch","line":90,"loc":{"start":{"line":90,"column":4},"end":{"line":93,"column":60}},"locations":[{"start":{"line":90,"column":4},"end":{"line":93,"column":60}}]},"9":{"type":"branch","line":93,"loc":{"start":{"line":93,"column":49},"end":{"line":93,"column":78}},"locations":[{"start":{"line":93,"column":49},"end":{"line":93,"column":78}}]},"10":{"type":"branch","line":93,"loc":{"start":{"line":93,"column":66},"end":{"line":93,"column":80}},"locations":[{"start":{"line":93,"column":66},"end":{"line":93,"column":80}}]},"11":{"type":"branch","line":95,"loc":{"start":{"line":95,"column":40},"end":{"line":95,"column":76}},"locations":[{"start":{"line":95,"column":40},"end":{"line":95,"column":76}}]},"12":{"type":"branch","line":95,"loc":{"start":{"line":95,"column":57},"end":{"line":95,"column":78}},"locations":[{"start":{"line":95,"column":57},"end":{"line":95,"column":78}}]},"13":{"type":"branch","line":98,"loc":{"start":{"line":98,"column":33},"end":{"line":100,"column":11}},"locations":[{"start":{"line":98,"column":33},"end":{"line":100,"column":11}}]},"14":{"type":"branch","line":100,"loc":{"start":{"line":100,"column":4},"end":{"line":102,"column":5}},"locations":[{"start":{"line":100,"column":4},"end":{"line":102,"column":5}}]},"15":{"type":"branch","line":111,"loc":{"start":{"line":111,"column":7},"end":{"line":133,"column":1}},"locations":[{"start":{"line":111,"column":7},"end":{"line":133,"column":1}}]},"16":{"type":"branch","line":130,"loc":{"start":{"line":130,"column":57},"end":{"line":131,"column":12}},"locations":[{"start":{"line":130,"column":57},"end":{"line":131,"column":12}}]},"17":{"type":"branch","line":139,"loc":{"start":{"line":139,"column":7},"end":{"line":153,"column":1}},"locations":[{"start":{"line":139,"column":7},"end":{"line":153,"column":1}}]}},"b":{"0":[6],"1":[17],"2":[90],"3":[16],"4":[74],"5":[5],"6":[14],"7":[4],"8":[10],"9":[9],"10":[1],"11":[9],"12":[1],"13":[7],"14":[3],"15":[4],"16":[0],"17":[2]},"fnMap":{"0":{"name":"stripBloatFields","decl":{"start":{"line":51,"column":7},"end":{"line":71,"column":1}},"loc":{"start":{"line":51,"column":7},"end":{"line":71,"column":1}},"line":51},"1":{"name":"purgeStaleSubagents","decl":{"start":{"line":77,"column":7},"end":{"line":106,"column":1}},"loc":{"start":{"line":77,"column":7},"end":{"line":106,"column":1}},"line":77},"2":{"name":"computeCleanupReport","decl":{"start":{"line":111,"column":7},"end":{"line":133,"column":1}},"loc":{"start":{"line":111,"column":7},"end":{"line":133,"column":1}},"line":111},"3":{"name":"cleanupSessions","decl":{"start":{"line":139,"column":7},"end":{"line":153,"column":1}},"loc":{"start":{"line":139,"column":7},"end":{"line":153,"column":1}},"line":139}},"f":{"0":6,"1":5,"2":4,"3":2}}
,"/home/node/.openclaw/workspace/work/flow/openclaw-test-harness/ts/src/plugins/oc-sidecar/src/sidecar-client.ts": {"path":"/home/node/.openclaw/workspace/work/flow/openclaw-test-harness/ts/src/plugins/oc-sidecar/src/sidecar-client.ts","all":false,"statementMap":{"22":{"start":{"line":23,"column":0},"end":{"line":23,"column":36}},"23":{"start":{"line":24,"column":0},"end":{"line":24,"column":18}},"24":{"start":{"line":25,"column":0},"end":{"line":25,"column":59}},"25":{"start":{"line":26,"column":0},"end":{"line":26,"column":18}},"26":{"start":{"line":27,"column":0},"end":{"line":27,"column":40}},"27":{"start":{"line":28,"column":0},"end":{"line":28,"column":45}},"29":{"start":{"line":30,"column":0},"end":{"line":30,"column":25}},"30":{"start":{"line":31,"column":0},"end":{"line":31,"column":27}},"31":{"start":{"line":32,"column":0},"end":{"line":32,"column":17}},"32":{"start":{"line":33,"column":0},"end":{"line":33,"column":18}},"33":{"start":{"line":34,"column":0},"end":{"line":34,"column":23}},"34":{"start":{"line":35,"column":0},"end":{"line":35,"column":45}},"35":{"start":{"line":36,"column":0},"end":{"line":36,"column":66}},"37":{"start":{"line":38,"column":0},"end":{"line":38,"column":9}},"38":{"start":{"line":39,"column":0},"end":{"line":39,"column":33}},"39":{"start":{"line":40,"column":0},"end":{"line":40,"column":15}},"40":{"start":{"line":41,"column":0},"end":{"line":41,"column":34}},"41":{"start":{"line":42,"column":0},"end":{"line":42,"column":75}},"42":{"start":{"line":43,"column":0},"end":{"line":43,"column":54}},"43":{"start":{"line":44,"column":0},"end":{"line":44,"column":8}},"44":{"start":{"line":45,"column":0},"end":{"line":45,"column":60}},"45":{"start":{"line":46,"column":0},"end":{"line":46,"column":21}},"46":{"start":{"line":47,"column":0},"end":{"line":47,"column":77}},"47":{"start":{"line":48,"column":0},"end":{"line":48,"column":7}},"48":{"start":{"line":49,"column":0},"end":{"line":49,"column":31}},"49":{"start":{"line":50,"column":0},"end":{"line":50,"column":15}},"50":{"start":{"line":51,"column":0},"end":{"line":51,"column":26}},"51":{"start":{"line":52,"column":0},"end":{"line":52,"column":5}},"52":{"start":{"line":53,"column":0},"end":{"line":53,"column":3}},"54":{"start":{"line":55,"column":0},"end":{"line":55,"column":10}},"55":{"start":{"line":56,"column":0},"end":{"line":56,"column":15}},"56":{"start":{"line":57,"column":0},"end":{"line":57,"column":34}},"57":{"start":{"line":58,"column":0},"end":{"line":58,"column":6}},"58":{"start":{"line":59,"column":0},"end":{"line":59,"column":22}},"59":{"start":{"line":60,"column":0},"end":{"line":60,"column":41}},"60":{"start":{"line":61,"column":0},"end":{"line":61,"column":6}},"61":{"start":{"line":62,"column":0},"end":{"line":62,"column":4}},"62":{"start":{"line":63,"column":0},"end":{"line":63,"column":1}}},"s":{"22":1,"23":4,"24":4,"25":4,"26":4,"27":4,"29":4,"30":4,"31":4,"32":4,"33":4,"34":4,"35":4,"37":4,"38":4,"39":4,"40":4,"41":4,"42":4,"43":4,"44":4,"45":4,"46":1,"47":1,"48":2,"49":4,"50":4,"51":4,"52":4,"54":4,"55":4,"56":3,"57":3,"58":4,"59":1,"60":1,"61":4,"62":4},"branchMap":{"0":{"type":"branch","line":23,"loc":{"start":{"line":23,"column":7},"end":{"line":63,"column":1}},"locations":[{"start":{"line":23,"column":7},"end":{"line":63,"column":1}}]},"1":{"type":"branch","line":27,"loc":{"start":{"line":27,"column":23},"end":{"line":27,"column":40}},"locations":[{"start":{"line":27,"column":23},"end":{"line":27,"column":40}}]},"2":{"type":"branch","line":28,"loc":{"start":{"line":28,"column":25},"end":{"line":28,"column":45}},"locations":[{"start":{"line":28,"column":25},"end":{"line":28,"column":45}}]},"3":{"type":"branch","line":30,"loc":{"start":{"line":30,"column":2},"end":{"line":53,"column":3}},"locations":[{"start":{"line":30,"column":2},"end":{"line":53,"column":3}}]},"4":{"type":"branch","line":42,"loc":{"start":{"line":42,"column":17},"end":{"line":42,"column":65}},"locations":[{"start":{"line":42,"column":17},"end":{"line":42,"column":65}}]},"5":{"type":"branch","line":42,"loc":{"start":{"line":42,"column":61},"end":{"line":42,"column":75}},"locations":[{"start":{"line":42,"column":61},"end":{"line":42,"column":75}}]},"6":{"type":"branch","line":43,"loc":{"start":{"line":43,"column":14},"end":{"line":43,"column":44}},"locations":[{"start":{"line":43,"column":14},"end":{"line":43,"column":44}}]},"7":{"type":"branch","line":43,"loc":{"start":{"line":43,"column":40},"end":{"line":43,"column":54}},"locations":[{"start":{"line":43,"column":40},"end":{"line":43,"column":54}}]},"8":{"type":"branch","line":45,"loc":{"start":{"line":45,"column":58},"end":{"line":46,"column":20}},"locations":[{"start":{"line":45,"column":58},"end":{"line":46,"column":20}}]},"9":{"type":"branch","line":46,"loc":{"start":{"line":46,"column":20},"end":{"line":48,"column":7}},"locations":[{"start":{"line":46,"column":20},"end":{"line":48,"column":7}}]},"10":{"type":"branch","line":48,"loc":{"start":{"line":48,"column":6},"end":{"line":50,"column":6}},"locations":[{"start":{"line":48,"column":6},"end":{"line":50,"column":6}}]},"11":{"type":"branch","line":36,"loc":{"start":{"line":36,"column":29},"end":{"line":36,"column":55}},"locations":[{"start":{"line":36,"column":29},"end":{"line":36,"column":55}}]},"12":{"type":"branch","line":56,"loc":{"start":{"line":56,"column":4},"end":{"line":58,"column":6}},"locations":[{"start":{"line":56,"column":4},"end":{"line":58,"column":6}}]},"13":{"type":"branch","line":59,"loc":{"start":{"line":59,"column":4},"end":{"line":61,"column":6}},"locations":[{"start":{"line":59,"column":4},"end":{"line":61,"column":6}}]}},"b":{"0":[4],"1":[0],"2":[3],"3":[4],"4":[1],"5":[3],"6":[1],"7":[3],"8":[3],"9":[1],"10":[2],"11":[1],"12":[3],"13":[1]},"fnMap":{"0":{"name":"createSidecarClient","decl":{"start":{"line":23,"column":7},"end":{"line":63,"column":1}},"loc":{"start":{"line":23,"column":7},"end":{"line":63,"column":1}},"line":23},"1":{"name":"request","decl":{"start":{"line":30,"column":2},"end":{"line":53,"column":3}},"loc":{"start":{"line":30,"column":2},"end":{"line":53,"column":3}},"line":30},"2":{"name":"get","decl":{"start":{"line":56,"column":4},"end":{"line":58,"column":6}},"loc":{"start":{"line":56,"column":4},"end":{"line":58,"column":6}},"line":56},"3":{"name":"post","decl":{"start":{"line":59,"column":4},"end":{"line":61,"column":6}},"loc":{"start":{"line":59,"column":4},"end":{"line":61,"column":6}},"line":59}},"f":{"0":4,"1":4,"2":3,"3":1}}
,"/home/node/.openclaw/workspace/work/flow/openclaw-test-harness/ts/src/plugins/oc-sidecar/src/telemetry-logic.ts": {"path":"/home/node/.openclaw/workspace/work/flow/openclaw-test-harness/ts/src/plugins/oc-sidecar/src/telemetry-logic.ts","all":false,"statementMap":{"38":{"start":{"line":39,"column":0},"end":{"line":39,"column":26}},"39":{"start":{"line":40,"column":0},"end":{"line":40,"column":28}},"40":{"start":{"line":41,"column":0},"end":{"line":41,"column":28}},"41":{"start":{"line":42,"column":0},"end":{"line":42,"column":29}},"42":{"start":{"line":43,"column":0},"end":{"line":43,"column":49}},"48":{"start":{"line":49,"column":0},"end":{"line":49,"column":38}},"49":{"start":{"line":50,"column":0},"end":{"line":50,"column":31}},"50":{"start":{"line":51,"column":0},"end":{"line":51,"column":26}},"51":{"start":{"line":52,"column":0},"end":{"line":52,"column":24}},"52":{"start":{"line":53,"column":0},"end":{"line":53,"column":17}},"53":{"start":{"line":54,"column":0},"end":{"line":54,"column":30}},"54":{"start":{"line":55,"column":0},"end":{"line":55,"column":12}},"55":{"start":{"line":56,"column":0},"end":{"line":56,"column":24}},"56":{"start":{"line":57,"column":0},"end":{"line":57,"column":24}},"57":{"start":{"line":58,"column":0},"end":{"line":58,"column":30}},"58":{"start":{"line":59,"column":0},"end":{"line":59,"column":22}},"59":{"start":{"line":60,"column":0},"end":{"line":60,"column":18}},"60":{"start":{"line":61,"column":0},"end":{"line":61,"column":22}},"61":{"start":{"line":62,"column":0},"end":{"line":62,"column":21}},"62":{"start":{"line":63,"column":0},"end":{"line":63,"column":18}},"63":{"start":{"line":64,"column":0},"end":{"line":64,"column":6}},"64":{"start":{"line":65,"column":0},"end":{"line":65,"column":3}},"67":{"start":{"line":68,"column":0},"end":{"line":68,"column":68}},"68":{"start":{"line":69,"column":0},"end":{"line":69,"column":75}},"69":{"start":{"line":70,"column":0},"end":{"line":70,"column":67}},"70":{"start":{"line":71,"column":0},"end":{"line":71,"column":16}},"71":{"start":{"line":72,"column":0},"end":{"line":72,"column":71}},"74":{"start":{"line":75,"column":0},"end":{"line":75,"column":49}},"75":{"start":{"line":76,"column":0},"end":{"line":76,"column":90}},"76":{"start":{"line":77,"column":0},"end":{"line":77,"column":24}},"77":{"start":{"line":78,"column":0},"end":{"line":78,"column":68}},"78":{"start":{"line":79,"column":0},"end":{"line":79,"column":24}},"79":{"start":{"line":80,"column":0},"end":{"line":80,"column":3}},"81":{"start":{"line":82,"column":0},"end":{"line":82,"column":10}},"82":{"start":{"line":83,"column":0},"end":{"line":83,"column":11}},"83":{"start":{"line":84,"column":0},"end":{"line":84,"column":27}},"84":{"start":{"line":85,"column":0},"end":{"line":85,"column":34}},"85":{"start":{"line":86,"column":0},"end":{"line":86,"column":26}},"86":{"start":{"line":87,"column":0},"end":{"line":87,"column":21}},"87":{"start":{"line":88,"column":0},"end":{"line":88,"column":20}},"88":{"start":{"line":89,"column":0},"end":{"line":89,"column":19}},"89":{"start":{"line":90,"column":0},"end":{"line":90,"column":30}},"90":{"start":{"line":91,"column":0},"end":{"line":91,"column":4}},"91":{"start":{"line":92,"column":0},"end":{"line":92,"column":1}}},"s":{"38":1,"39":1,"40":1,"41":1,"42":1,"48":1,"49":9,"50":9,"51":9,"52":9,"53":9,"54":1,"55":1,"56":1,"57":1,"58":1,"59":1,"60":1,"61":1,"62":1,"63":1,"64":1,"67":8,"68":8,"69":8,"70":8,"71":8,"74":8,"75":9,"76":5,"77":9,"78":2,"79":2,"81":8,"82":8,"83":8,"84":8,"85":8,"86":8,"87":8,"88":8,"89":8,"90":8,"91":8},"branchMap":{"0":{"type":"branch","line":49,"loc":{"start":{"line":49,"column":7},"end":{"line":92,"column":1}},"locations":[{"start":{"line":49,"column":7},"end":{"line":92,"column":1}}]},"1":{"type":"branch","line":54,"loc":{"start":{"line":54,"column":29},"end":{"line":65,"column":3}},"locations":[{"start":{"line":54,"column":29},"end":{"line":65,"column":3}}]},"2":{"type":"branch","line":65,"loc":{"start":{"line":65,"column":2},"end":{"line":76,"column":34}},"locations":[{"start":{"line":65,"column":2},"end":{"line":76,"column":34}}]},"3":{"type":"branch","line":76,"loc":{"start":{"line":76,"column":15},"end":{"line":76,"column":64}},"locations":[{"start":{"line":76,"column":15},"end":{"line":76,"column":64}}]},"4":{"type":"branch","line":76,"loc":{"start":{"line":76,"column":44},"end":{"line":76,"column":89}},"locations":[{"start":{"line":76,"column":44},"end":{"line":76,"column":89}}]},"5":{"type":"branch","line":76,"loc":{"start":{"line":76,"column":89},"end":{"line":78,"column":13}},"locations":[{"start":{"line":76,"column":89},"end":{"line":78,"column":13}}]},"6":{"type":"branch","line":78,"loc":{"start":{"line":78,"column":2},"end":{"line":80,"column":3}},"locations":[{"start":{"line":78,"column":2},"end":{"line":80,"column":3}}]},"7":{"type":"branch","line":78,"loc":{"start":{"line":78,"column":22},"end":{"line":78,"column":67}},"locations":[{"start":{"line":78,"column":22},"end":{"line":78,"column":67}}]},"8":{"type":"branch","line":78,"loc":{"start":{"line":78,"column":67},"end":{"line":80,"column":3}},"locations":[{"start":{"line":78,"column":67},"end":{"line":80,"column":3}}]},"9":{"type":"branch","line":80,"loc":{"start":{"line":80,"column":2},"end":{"line":92,"column":1}},"locations":[{"start":{"line":80,"column":2},"end":{"line":92,"column":1}}]},"10":{"type":"branch","line":68,"loc":{"start":{"line":68,"column":42},"end":{"line":68,"column":65}},"locations":[{"start":{"line":68,"column":42},"end":{"line":68,"column":65}}]},"11":{"type":"branch","line":69,"loc":{"start":{"line":69,"column":43},"end":{"line":69,"column":72}},"locations":[{"start":{"line":69,"column":43},"end":{"line":69,"column":72}}]},"12":{"type":"branch","line":70,"loc":{"start":{"line":70,"column":43},"end":{"line":70,"column":64}},"locations":[{"start":{"line":70,"column":43},"end":{"line":70,"column":64}}]},"13":{"type":"branch","line":72,"loc":{"start":{"line":72,"column":20},"end":{"line":72,"column":50}},"locations":[{"start":{"line":72,"column":20},"end":{"line":72,"column":50}}]}},"b":{"0":[9],"1":[1],"2":[8],"3":[5],"4":[4],"5":[5],"6":[3],"7":[1],"8":[2],"9":[8],"10":[12],"11":[12],"12":[12],"13":[12]},"fnMap":{"0":{"name":"aggregateSystemHealth","decl":{"start":{"line":49,"column":7},"end":{"line":92,"column":1}},"loc":{"start":{"line":49,"column":7},"end":{"line":92,"column":1}},"line":49}},"f":{"0":9}}
,"/home/node/.openclaw/workspace/work/flow/openclaw-test-harness/ts/src/plugins/oc-subagent-watchdog/src/index.ts": {"path":"/home/node/.openclaw/workspace/work/flow/openclaw-test-harness/ts/src/plugins/oc-subagent-watchdog/src/index.ts","all":true,"statementMap":{"0":{"start":{"line":1,"column":0},"end":{"line":1,"column":3}},"9":{"start":{"line":10,"column":0},"end":{"line":10,"column":80}},"18":{"start":{"line":19,"column":0},"end":{"line":19,"column":31}},"26":{"start":{"line":27,"column":0},"end":{"line":27,"column":34}},"27":{"start":{"line":28,"column":0},"end":{"line":28,"column":29}},"28":{"start":{"line":29,"column":0},"end":{"line":29,"column":31}},"29":{"start":{"line":30,"column":0},"end":{"line":30,"column":82}},"30":{"start":{"line":31,"column":0},"end":{"line":31,"column":62}},"31":{"start":{"line":32,"column":0},"end":{"line":32,"column":65}},"32":{"start":{"line":33,"column":0},"end":{"line":33,"column":49}},"33":{"start":{"line":34,"column":0},"end":{"line":34,"column":59}},"35":{"start":{"line":36,"column":0},"end":{"line":36,"column":43}},"38":{"start":{"line":39,"column":0},"end":{"line":39,"column":56}},"42":{"start":{"line":43,"column":0},"end":{"line":43,"column":11}},"43":{"start":{"line":44,"column":0},"end":{"line":44,"column":36}},"44":{"start":{"line":45,"column":0},"end":{"line":45,"column":41}},"45":{"start":{"line":46,"column":0},"end":{"line":46,"column":37}},"46":{"start":{"line":47,"column":0},"end":{"line":47,"column":35}},"47":{"start":{"line":48,"column":0},"end":{"line":48,"column":41}},"48":{"start":{"line":49,"column":0},"end":{"line":49,"column":32}},"49":{"start":{"line":50,"column":0},"end":{"line":50,"column":21}},"50":{"start":{"line":51,"column":0},"end":{"line":51,"column":25}},"51":{"start":{"line":52,"column":0},"end":{"line":52,"column":61}},"52":{"start":{"line":53,"column":0},"end":{"line":53,"column":65}},"53":{"start":{"line":54,"column":0},"end":{"line":54,"column":8}},"54":{"start":{"line":55,"column":0},"end":{"line":55,"column":7}},"57":{"start":{"line":58,"column":0},"end":{"line":58,"column":82}},"58":{"start":{"line":59,"column":0},"end":{"line":59,"column":36}},"59":{"start":{"line":60,"column":0},"end":{"line":60,"column":68}},"60":{"start":{"line":61,"column":0},"end":{"line":61,"column":25}},"61":{"start":{"line":62,"column":0},"end":{"line":62,"column":59}},"62":{"start":{"line":63,"column":0},"end":{"line":63,"column":65}},"63":{"start":{"line":64,"column":0},"end":{"line":64,"column":8}},"64":{"start":{"line":65,"column":0},"end":{"line":65,"column":7}},"67":{"start":{"line":68,"column":0},"end":{"line":68,"column":22}},"68":{"start":{"line":69,"column":0},"end":{"line":69,"column":30}},"69":{"start":{"line":70,"column":0},"end":{"line":70,"column":18}},"70":{"start":{"line":71,"column":0},"end":{"line":71,"column":67}},"72":{"start":{"line":73,"column":0},"end":{"line":73,"column":34}},"73":{"start":{"line":74,"column":0},"end":{"line":74,"column":68}},"74":{"start":{"line":75,"column":0},"end":{"line":75,"column":88}},"75":{"start":{"line":76,"column":0},"end":{"line":76,"column":63}},"76":{"start":{"line":77,"column":0},"end":{"line":77,"column":16}},"77":{"start":{"line":78,"column":0},"end":{"line":78,"column":21}},"78":{"start":{"line":79,"column":0},"end":{"line":79,"column":34}},"79":{"start":{"line":80,"column":0},"end":{"line":80,"column":34}},"80":{"start":{"line":81,"column":0},"end":{"line":81,"column":23}},"81":{"start":{"line":82,"column":0},"end":{"line":82,"column":46}},"82":{"start":{"line":83,"column":0},"end":{"line":83,"column":48}},"83":{"start":{"line":84,"column":0},"end":{"line":84,"column":44}},"84":{"start":{"line":85,"column":0},"end":{"line":85,"column":50}},"85":{"start":{"line":86,"column":0},"end":{"line":86,"column":42}},"86":{"start":{"line":87,"column":0},"end":{"line":87,"column":28}},"87":{"start":{"line":88,"column":0},"end":{"line":88,"column":36}},"88":{"start":{"line":89,"column":0},"end":{"line":89,"column":32}},"89":{"start":{"line":90,"column":0},"end":{"line":90,"column":24}},"90":{"start":{"line":91,"column":0},"end":{"line":91,"column":13}},"91":{"start":{"line":92,"column":0},"end":{"line":92,"column":10}},"92":{"start":{"line":93,"column":0},"end":{"line":93,"column":8}},"93":{"start":{"line":94,"column":0},"end":{"line":94,"column":7}},"94":{"start":{"line":95,"column":0},"end":{"line":95,"column":4}},"95":{"start":{"line":96,"column":0},"end":{"line":96,"column":3}}},"s":{"0":0,"9":0,"18":0,"26":0,"27":0,"28":0,"29":0,"30":0,"31":0,"32":0,"33":0,"35":0,"38":0,"42":0,"43":0,"44":0,"45":0,"46":0,"47":0,"48":0,"49":0,"50":0,"51":0,"52":0,"53":0,"54":0,"57":0,"58":0,"59":0,"60":0,"61":0,"62":0,"63":0,"64":0,"67":0,"68":0,"69":0,"70":0,"72":0,"73":0,"74":0,"75":0,"76":0,"77":0,"78":0,"79":0,"80":0,"81":0,"82":0,"83":0,"84":0,"85":0,"86":0,"87":0,"88":0,"89":0,"90":0,"91":0,"92":0,"93":0,"94":0,"95":0},"branchMap":{"0":{"type":"branch","line":1,"loc":{"start":{"line":1,"column":3224},"end":{"line":96,"column":3}},"locations":[{"start":{"line":1,"column":3224},"end":{"line":96,"column":3}}]}},"b":{"0":[0]},"fnMap":{"0":{"name":"(empty-report)","decl":{"start":{"line":1,"column":3224},"end":{"line":96,"column":3}},"loc":{"start":{"line":1,"column":3224},"end":{"line":96,"column":3}},"line":1}},"f":{"0":0}}
,"/home/node/.openclaw/workspace/work/flow/openclaw-test-harness/ts/src/plugins/oc-subagent-watchdog/src/subagent-tracker.ts": {"path":"/home/node/.openclaw/workspace/work/flow/openclaw-test-harness/ts/src/plugins/oc-subagent-watchdog/src/subagent-tracker.ts","all":false,"statementMap":{"41":{"start":{"line":42,"column":0},"end":{"line":42,"column":27}},"42":{"start":{"line":43,"column":0},"end":{"line":43,"column":19}},"43":{"start":{"line":44,"column":0},"end":{"line":44,"column":55}},"44":{"start":{"line":45,"column":0},"end":{"line":45,"column":15}},"45":{"start":{"line":46,"column":0},"end":{"line":46,"column":16}},"46":{"start":{"line":47,"column":0},"end":{"line":47,"column":28}},"47":{"start":{"line":48,"column":0},"end":{"line":48,"column":31}},"48":{"start":{"line":49,"column":0},"end":{"line":49,"column":14}},"49":{"start":{"line":50,"column":0},"end":{"line":50,"column":45}},"50":{"start":{"line":51,"column":0},"end":{"line":51,"column":21}},"51":{"start":{"line":52,"column":0},"end":{"line":52,"column":5}},"52":{"start":{"line":53,"column":0},"end":{"line":53,"column":14}},"53":{"start":{"line":54,"column":0},"end":{"line":54,"column":1}},"55":{"start":{"line":56,"column":0},"end":{"line":56,"column":25}},"56":{"start":{"line":57,"column":0},"end":{"line":57,"column":19}},"57":{"start":{"line":58,"column":0},"end":{"line":58,"column":21}},"58":{"start":{"line":59,"column":0},"end":{"line":59,"column":15}},"59":{"start":{"line":60,"column":0},"end":{"line":60,"column":16}},"60":{"start":{"line":61,"column":0},"end":{"line":61,"column":28}},"61":{"start":{"line":62,"column":0},"end":{"line":62,"column":40}},"62":{"start":{"line":63,"column":0},"end":{"line":63,"column":17}},"63":{"start":{"line":64,"column":0},"end":{"line":64,"column":77}},"64":{"start":{"line":65,"column":0},"end":{"line":65,"column":3}},"65":{"start":{"line":66,"column":0},"end":{"line":66,"column":14}},"66":{"start":{"line":67,"column":0},"end":{"line":67,"column":1}},"68":{"start":{"line":69,"column":0},"end":{"line":69,"column":28}},"69":{"start":{"line":70,"column":0},"end":{"line":70,"column":19}},"70":{"start":{"line":71,"column":0},"end":{"line":71,"column":28}},"71":{"start":{"line":72,"column":0},"end":{"line":72,"column":15}},"72":{"start":{"line":73,"column":0},"end":{"line":73,"column":77}},"73":{"start":{"line":74,"column":0},"end":{"line":74,"column":52}},"74":{"start":{"line":75,"column":0},"end":{"line":75,"column":50}},"75":{"start":{"line":76,"column":0},"end":{"line":76,"column":50}},"76":{"start":{"line":77,"column":0},"end":{"line":77,"column":21}},"78":{"start":{"line":79,"column":0},"end":{"line":79,"column":36}},"79":{"start":{"line":80,"column":0},"end":{"line":80,"column":36}},"80":{"start":{"line":81,"column":0},"end":{"line":81,"column":19}},"81":{"start":{"line":82,"column":0},"end":{"line":82,"column":29}},"82":{"start":{"line":83,"column":0},"end":{"line":83,"column":15}},"83":{"start":{"line":84,"column":0},"end":{"line":84,"column":5}},"84":{"start":{"line":85,"column":0},"end":{"line":85,"column":40}},"85":{"start":{"line":86,"column":0},"end":{"line":86,"column":53}},"86":{"start":{"line":87,"column":0},"end":{"line":87,"column":12}},"87":{"start":{"line":88,"column":0},"end":{"line":88,"column":29}},"88":{"start":{"line":89,"column":0},"end":{"line":89,"column":5}},"89":{"start":{"line":90,"column":0},"end":{"line":90,"column":3}},"91":{"start":{"line":92,"column":0},"end":{"line":92,"column":10}},"92":{"start":{"line":93,"column":0},"end":{"line":93,"column":10}},"93":{"start":{"line":94,"column":0},"end":{"line":94,"column":10}},"94":{"start":{"line":95,"column":0},"end":{"line":95,"column":13}},"95":{"start":{"line":96,"column":0},"end":{"line":96,"column":42}},"96":{"start":{"line":97,"column":0},"end":{"line":97,"column":43}},"97":{"start":{"line":98,"column":0},"end":{"line":98,"column":29}},"98":{"start":{"line":99,"column":0},"end":{"line":99,"column":17}},"99":{"start":{"line":100,"column":0},"end":{"line":100,"column":6}},"100":{"start":{"line":101,"column":0},"end":{"line":101,"column":4}},"101":{"start":{"line":102,"column":0},"end":{"line":102,"column":1}},"103":{"start":{"line":104,"column":0},"end":{"line":104,"column":58}},"104":{"start":{"line":105,"column":0},"end":{"line":105,"column":16}},"105":{"start":{"line":106,"column":0},"end":{"line":106,"column":38}},"106":{"start":{"line":107,"column":0},"end":{"line":107,"column":44}},"107":{"start":{"line":108,"column":0},"end":{"line":108,"column":3}},"108":{"start":{"line":109,"column":0},"end":{"line":109,"column":15}},"109":{"start":{"line":110,"column":0},"end":{"line":110,"column":1}},"111":{"start":{"line":112,"column":0},"end":{"line":112,"column":25}},"112":{"start":{"line":113,"column":0},"end":{"line":113,"column":19}},"113":{"start":{"line":114,"column":0},"end":{"line":114,"column":23}},"114":{"start":{"line":115,"column":0},"end":{"line":115,"column":12}},"115":{"start":{"line":116,"column":0},"end":{"line":116,"column":45}},"116":{"start":{"line":117,"column":0},"end":{"line":117,"column":1}}},"s":{"41":1,"42":10,"43":10,"44":10,"45":10,"46":10,"47":10,"48":10,"49":10,"50":10,"51":10,"52":10,"53":10,"55":1,"56":3,"57":3,"58":3,"59":3,"60":3,"61":3,"62":3,"63":3,"64":3,"65":3,"66":3,"68":1,"69":2,"70":2,"71":2,"72":2,"73":2,"74":2,"75":2,"76":2,"78":2,"79":3,"80":1,"81":1,"82":1,"83":1,"84":3,"85":1,"86":1,"87":1,"88":1,"89":3,"91":2,"92":2,"93":2,"94":2,"95":2,"96":2,"97":2,"98":2,"99":2,"100":2,"101":2,"103":1,"104":3,"105":3,"106":6,"107":6,"108":3,"109":3,"111":1,"112":2,"113":2,"114":2,"115":2,"116":2},"branchMap":{"0":{"type":"branch","line":42,"loc":{"start":{"line":42,"column":7},"end":{"line":54,"column":1}},"locations":[{"start":{"line":42,"column":7},"end":{"line":54,"column":1}}]},"1":{"type":"branch","line":50,"loc":{"start":{"line":50,"column":24},"end":{"line":50,"column":45}},"locations":[{"start":{"line":50,"column":24},"end":{"line":50,"column":45}}]},"2":{"type":"branch","line":56,"loc":{"start":{"line":56,"column":7},"end":{"line":67,"column":1}},"locations":[{"start":{"line":56,"column":7},"end":{"line":67,"column":1}}]},"3":{"type":"branch","line":69,"loc":{"start":{"line":69,"column":7},"end":{"line":102,"column":1}},"locations":[{"start":{"line":69,"column":7},"end":{"line":102,"column":1}}]},"4":{"type":"branch","line":79,"loc":{"start":{"line":79,"column":35},"end":{"line":90,"column":3}},"locations":[{"start":{"line":79,"column":35},"end":{"line":90,"column":3}}]},"5":{"type":"branch","line":80,"loc":{"start":{"line":80,"column":35},"end":{"line":84,"column":5}},"locations":[{"start":{"line":80,"column":35},"end":{"line":84,"column":5}}]},"6":{"type":"branch","line":84,"loc":{"start":{"line":84,"column":4},"end":{"line":85,"column":39}},"locations":[{"start":{"line":84,"column":4},"end":{"line":85,"column":39}}]},"7":{"type":"branch","line":85,"loc":{"start":{"line":85,"column":39},"end":{"line":89,"column":5}},"locations":[{"start":{"line":85,"column":39},"end":{"line":89,"column":5}}]},"8":{"type":"branch","line":104,"loc":{"start":{"line":104,"column":7},"end":{"line":110,"column":1}},"locations":[{"start":{"line":104,"column":7},"end":{"line":110,"column":1}}]},"9":{"type":"branch","line":106,"loc":{"start":{"line":106,"column":37},"end":{"line":108,"column":3}},"locations":[{"start":{"line":106,"column":37},"end":{"line":108,"column":3}}]},"10":{"type":"branch","line":107,"loc":{"start":{"line":107,"column":36},"end":{"line":107,"column":44}},"locations":[{"start":{"line":107,"column":36},"end":{"line":107,"column":44}}]},"11":{"type":"branch","line":112,"loc":{"start":{"line":112,"column":7},"end":{"line":117,"column":1}},"locations":[{"start":{"line":112,"column":7},"end":{"line":117,"column":1}}]}},"b":{"0":[10],"1":[0],"2":[3],"3":[2],"4":[3],"5":[1],"6":[2],"7":[1],"8":[3],"9":[6],"10":[5],"11":[2]},"fnMap":{"0":{"name":"trackSpawn","decl":{"start":{"line":42,"column":7},"end":{"line":54,"column":1}},"loc":{"start":{"line":42,"column":7},"end":{"line":54,"column":1}},"line":42},"1":{"name":"trackEnd","decl":{"start":{"line":56,"column":7},"end":{"line":67,"column":1}},"loc":{"start":{"line":56,"column":7},"end":{"line":67,"column":1}},"line":56},"2":{"name":"detectStale","decl":{"start":{"line":69,"column":7},"end":{"line":102,"column":1}},"loc":{"start":{"line":69,"column":7},"end":{"line":102,"column":1}},"line":69},"3":{"name":"getActiveCount","decl":{"start":{"line":104,"column":7},"end":{"line":110,"column":1}},"loc":{"start":{"line":104,"column":7},"end":{"line":110,"column":1}},"line":104},"4":{"name":"canSpawn","decl":{"start":{"line":112,"column":7},"end":{"line":117,"column":1}},"loc":{"start":{"line":112,"column":7},"end":{"line":117,"column":1}},"line":112}},"f":{"0":10,"1":3,"2":2,"3":3,"4":2}}
,"/home/node/.openclaw/workspace/work/flow/openclaw-test-harness/ts/src/plugins/shared/session-cleanup.ts": {"path":"/home/node/.openclaw/workspace/work/flow/openclaw-test-harness/ts/src/plugins/shared/session-cleanup.ts","all":false,"statementMap":{"50":{"start":{"line":51,"column":0},"end":{"line":51,"column":33}},"51":{"start":{"line":52,"column":0},"end":{"line":52,"column":24}},"52":{"start":{"line":53,"column":0},"end":{"line":53,"column":23}},"53":{"start":{"line":54,"column":0},"end":{"line":54,"column":52}},"54":{"start":{"line":55,"column":0},"end":{"line":55,"column":24}},"55":{"start":{"line":56,"column":0},"end":{"line":56,"column":34}},"57":{"start":{"line":58,"column":0},"end":{"line":58,"column":56}},"58":{"start":{"line":59,"column":0},"end":{"line":59,"column":42}},"59":{"start":{"line":60,"column":0},"end":{"line":60,"column":57}},"60":{"start":{"line":61,"column":0},"end":{"line":61,"column":40}},"61":{"start":{"line":62,"column":0},"end":{"line":62,"column":24}},"62":{"start":{"line":63,"column":0},"end":{"line":63,"column":14}},"63":{"start":{"line":64,"column":0},"end":{"line":64,"column":36}},"64":{"start":{"line":65,"column":0},"end":{"line":65,"column":7}},"65":{"start":{"line":66,"column":0},"end":{"line":66,"column":5}},"66":{"start":{"line":67,"column":0},"end":{"line":67,"column":32}},"67":{"start":{"line":68,"column":0},"end":{"line":68,"column":3}},"69":{"start":{"line":70,"column":0},"end":{"line":70,"column":36}},"70":{"start":{"line":71,"column":0},"end":{"line":71,"column":1}},"76":{"start":{"line":77,"column":0},"end":{"line":77,"column":36}},"77":{"start":{"line":78,"column":0},"end":{"line":78,"column":24}},"78":{"start":{"line":79,"column":0},"end":{"line":79,"column":46}},"79":{"start":{"line":80,"column":0},"end":{"line":80,"column":51}},"80":{"start":{"line":81,"column":0},"end":{"line":81,"column":66}},"81":{"start":{"line":82,"column":0},"end":{"line":82,"column":34}},"82":{"start":{"line":83,"column":0},"end":{"line":83,"column":34}},"84":{"start":{"line":85,"column":0},"end":{"line":85,"column":56}},"86":{"start":{"line":87,"column":0},"end":{"line":87,"column":36}},"87":{"start":{"line":88,"column":0},"end":{"line":88,"column":27}},"88":{"start":{"line":89,"column":0},"end":{"line":89,"column":15}},"89":{"start":{"line":90,"column":0},"end":{"line":90,"column":5}},"92":{"start":{"line":93,"column":0},"end":{"line":93,"column":80}},"93":{"start":{"line":94,"column":0},"end":{"line":94,"column":28}},"94":{"start":{"line":95,"column":0},"end":{"line":95,"column":78}},"95":{"start":{"line":96,"column":0},"end":{"line":96,"column":63}},"97":{"start":{"line":98,"column":0},"end":{"line":98,"column":34}},"98":{"start":{"line":99,"column":0},"end":{"line":99,"column":27}},"99":{"start":{"line":100,"column":0},"end":{"line":100,"column":12}},"100":{"start":{"line":101,"column":0},"end":{"line":101,"column":27}},"101":{"start":{"line":102,"column":0},"end":{"line":102,"column":5}},"102":{"start":{"line":103,"column":0},"end":{"line":103,"column":3}},"104":{"start":{"line":105,"column":0},"end":{"line":105,"column":33}},"105":{"start":{"line":106,"column":0},"end":{"line":106,"column":1}},"110":{"start":{"line":111,"column":0},"end":{"line":111,"column":37}},"111":{"start":{"line":112,"column":0},"end":{"line":112,"column":22}},"112":{"start":{"line":113,"column":0},"end":{"line":113,"column":21}},"113":{"start":{"line":114,"column":0},"end":{"line":114,"column":23}},"114":{"start":{"line":115,"column":0},"end":{"line":115,"column":18}},"115":{"start":{"line":116,"column":0},"end":{"line":116,"column":53}},"116":{"start":{"line":117,"column":0},"end":{"line":117,"column":51}},"117":{"start":{"line":118,"column":0},"end":{"line":118,"column":60}},"118":{"start":{"line":119,"column":0},"end":{"line":119,"column":58}},"120":{"start":{"line":121,"column":0},"end":{"line":121,"column":10}},"121":{"start":{"line":122,"column":0},"end":{"line":122,"column":44}},"122":{"start":{"line":123,"column":0},"end":{"line":123,"column":42}},"123":{"start":{"line":124,"column":0},"end":{"line":124,"column":72}},"124":{"start":{"line":125,"column":0},"end":{"line":125,"column":38}},"125":{"start":{"line":126,"column":0},"end":{"line":126,"column":16}},"126":{"start":{"line":127,"column":0},"end":{"line":127,"column":15}},"127":{"start":{"line":128,"column":0},"end":{"line":128,"column":21}},"128":{"start":{"line":129,"column":0},"end":{"line":129,"column":21}},"129":{"start":{"line":130,"column":0},"end":{"line":130,"column":58}},"130":{"start":{"line":131,"column":0},"end":{"line":131,"column":12}},"131":{"start":{"line":132,"column":0},"end":{"line":132,"column":4}},"132":{"start":{"line":133,"column":0},"end":{"line":133,"column":1}},"138":{"start":{"line":139,"column":0},"end":{"line":139,"column":32}},"139":{"start":{"line":140,"column":0},"end":{"line":140,"column":24}},"140":{"start":{"line":141,"column":0},"end":{"line":141,"column":22}},"141":{"start":{"line":142,"column":0},"end":{"line":142,"column":52}},"142":{"start":{"line":143,"column":0},"end":{"line":143,"column":64}},"143":{"start":{"line":144,"column":0},"end":{"line":144,"column":13}},"144":{"start":{"line":145,"column":0},"end":{"line":145,"column":20}},"145":{"start":{"line":146,"column":0},"end":{"line":146,"column":4}},"146":{"start":{"line":147,"column":0},"end":{"line":147,"column":61}},"147":{"start":{"line":148,"column":0},"end":{"line":148,"column":34}},"148":{"start":{"line":149,"column":0},"end":{"line":149,"column":22}},"149":{"start":{"line":150,"column":0},"end":{"line":150,"column":5}},"150":{"start":{"line":151,"column":0},"end":{"line":151,"column":71}},"151":{"start":{"line":152,"column":0},"end":{"line":152,"column":37}},"152":{"start":{"line":153,"column":0},"end":{"line":153,"column":1}}},"s":{"50":1,"51":2,"52":2,"53":2,"54":2,"55":2,"57":2,"58":3,"59":3,"60":8,"61":2,"62":8,"63":6,"64":6,"65":8,"66":3,"67":3,"69":2,"70":2,"76":1,"77":2,"78":2,"79":2,"80":2,"81":2,"82":2,"84":2,"86":5,"87":2,"88":2,"89":2,"92":5,"93":5,"94":5,"95":5,"97":5,"98":2,"99":5,"100":1,"101":1,"102":5,"104":2,"105":2,"110":1,"111":2,"112":2,"113":2,"114":2,"115":2,"116":2,"117":2,"118":2,"120":2,"121":2,"122":2,"123":2,"124":2,"125":2,"126":2,"127":2,"128":2,"129":2,"130":0,"131":2,"132":2,"138":1,"139":1,"140":1,"141":1,"142":1,"143":1,"144":1,"145":1,"146":1,"147":1,"148":1,"149":1,"150":1,"151":1,"152":1},"branchMap":{"0":{"type":"branch","line":51,"loc":{"start":{"line":51,"column":7},"end":{"line":71,"column":1}},"locations":[{"start":{"line":51,"column":7},"end":{"line":71,"column":1}}]},"1":{"type":"branch","line":58,"loc":{"start":{"line":58,"column":55},"end":{"line":68,"column":3}},"locations":[{"start":{"line":58,"column":55},"end":{"line":68,"column":3}}]},"2":{"type":"branch","line":60,"loc":{"start":{"line":60,"column":56},"end":{"line":66,"column":5}},"locations":[{"start":{"line":60,"column":56},"end":{"line":66,"column":5}}]},"3":{"type":"branch","line":61,"loc":{"start":{"line":61,"column":39},"end":{"line":63,"column":13}},"locations":[{"start":{"line":61,"column":39},"end":{"line":63,"column":13}}]},"4":{"type":"branch","line":63,"loc":{"start":{"line":63,"column":6},"end":{"line":65,"column":7}},"locations":[{"start":{"line":63,"column":6},"end":{"line":65,"column":7}}]},"5":{"type":"branch","line":77,"loc":{"start":{"line":77,"column":7},"end":{"line":106,"column":1}},"locations":[{"start":{"line":77,"column":7},"end":{"line":106,"column":1}}]},"6":{"type":"branch","line":85,"loc":{"start":{"line":85,"column":55},"end":{"line":103,"column":3}},"locations":[{"start":{"line":85,"column":55},"end":{"line":103,"column":3}}]},"7":{"type":"branch","line":87,"loc":{"start":{"line":87,"column":35},"end":{"line":90,"column":5}},"locations":[{"start":{"line":87,"column":35},"end":{"line":90,"column":5}}]},"8":{"type":"branch","line":90,"loc":{"start":{"line":90,"column":4},"end":{"line":93,"column":78}},"locations":[{"start":{"line":90,"column":4},"end":{"line":93,"column":78}}]},"9":{"type":"branch","line":93,"loc":{"start":{"line":93,"column":66},"end":{"line":93,"column":80}},"locations":[{"start":{"line":93,"column":66},"end":{"line":93,"column":80}}]},"10":{"type":"branch","line":95,"loc":{"start":{"line":95,"column":40},"end":{"line":95,"column":76}},"locations":[{"start":{"line":95,"column":40},"end":{"line":95,"column":76}}]},"11":{"type":"branch","line":95,"loc":{"start":{"line":95,"column":57},"end":{"line":95,"column":78}},"locations":[{"start":{"line":95,"column":57},"end":{"line":95,"column":78}}]},"12":{"type":"branch","line":98,"loc":{"start":{"line":98,"column":33},"end":{"line":100,"column":11}},"locations":[{"start":{"line":98,"column":33},"end":{"line":100,"column":11}}]},"13":{"type":"branch","line":100,"loc":{"start":{"line":100,"column":4},"end":{"line":102,"column":5}},"locations":[{"start":{"line":100,"column":4},"end":{"line":102,"column":5}}]},"14":{"type":"branch","line":111,"loc":{"start":{"line":111,"column":7},"end":{"line":133,"column":1}},"locations":[{"start":{"line":111,"column":7},"end":{"line":133,"column":1}}]},"15":{"type":"branch","line":130,"loc":{"start":{"line":130,"column":57},"end":{"line":131,"column":12}},"locations":[{"start":{"line":130,"column":57},"end":{"line":131,"column":12}}]},"16":{"type":"branch","line":139,"loc":{"start":{"line":139,"column":7},"end":{"line":153,"column":1}},"locations":[{"start":{"line":139,"column":7},"end":{"line":153,"column":1}}]}},"b":{"0":[2],"1":[3],"2":[8],"3":[2],"4":[6],"5":[2],"6":[5],"7":[2],"8":[3],"9":[0],"10":[0],"11":[3],"12":[2],"13":[1],"14":[2],"15":[0],"16":[1]},"fnMap":{"0":{"name":"stripBloatFields","decl":{"start":{"line":51,"column":7},"end":{"line":71,"column":1}},"loc":{"start":{"line":51,"column":7},"end":{"line":71,"column":1}},"line":51},"1":{"name":"purgeStaleSubagents","decl":{"start":{"line":77,"column":7},"end":{"line":106,"column":1}},"loc":{"start":{"line":77,"column":7},"end":{"line":106,"column":1}},"line":77},"2":{"name":"computeCleanupReport","decl":{"start":{"line":111,"column":7},"end":{"line":133,"column":1}},"loc":{"start":{"line":111,"column":7},"end":{"line":133,"column":1}},"line":111},"3":{"name":"cleanupSessions","decl":{"start":{"line":139,"column":7},"end":{"line":153,"column":1}},"loc":{"start":{"line":139,"column":7},"end":{"line":153,"column":1}},"line":139}},"f":{"0":2,"1":2,"2":2,"3":1}}
,"/home/node/.openclaw/workspace/work/flow/openclaw-test-harness/ts/src/plugins/shared/telemetry-logic.ts": {"path":"/home/node/.openclaw/workspace/work/flow/openclaw-test-harness/ts/src/plugins/shared/telemetry-logic.ts","all":false,"statementMap":{"38":{"start":{"line":39,"column":0},"end":{"line":39,"column":26}},"39":{"start":{"line":40,"column":0},"end":{"line":40,"column":28}},"40":{"start":{"line":41,"column":0},"end":{"line":41,"column":28}},"41":{"start":{"line":42,"column":0},"end":{"line":42,"column":29}},"42":{"start":{"line":43,"column":0},"end":{"line":43,"column":49}},"48":{"start":{"line":49,"column":0},"end":{"line":49,"column":38}},"49":{"start":{"line":50,"column":0},"end":{"line":50,"column":31}},"50":{"start":{"line":51,"column":0},"end":{"line":51,"column":26}},"51":{"start":{"line":52,"column":0},"end":{"line":52,"column":24}},"52":{"start":{"line":53,"column":0},"end":{"line":53,"column":17}},"53":{"start":{"line":54,"column":0},"end":{"line":54,"column":30}},"54":{"start":{"line":55,"column":0},"end":{"line":55,"column":12}},"55":{"start":{"line":56,"column":0},"end":{"line":56,"column":24}},"56":{"start":{"line":57,"column":0},"end":{"line":57,"column":24}},"57":{"start":{"line":58,"column":0},"end":{"line":58,"column":30}},"58":{"start":{"line":59,"column":0},"end":{"line":59,"column":22}},"59":{"start":{"line":60,"column":0},"end":{"line":60,"column":18}},"60":{"start":{"line":61,"column":0},"end":{"line":61,"column":22}},"61":{"start":{"line":62,"column":0},"end":{"line":62,"column":21}},"62":{"start":{"line":63,"column":0},"end":{"line":63,"column":18}},"63":{"start":{"line":64,"column":0},"end":{"line":64,"column":6}},"64":{"start":{"line":65,"column":0},"end":{"line":65,"column":3}},"67":{"start":{"line":68,"column":0},"end":{"line":68,"column":68}},"68":{"start":{"line":69,"column":0},"end":{"line":69,"column":75}},"69":{"start":{"line":70,"column":0},"end":{"line":70,"column":67}},"70":{"start":{"line":71,"column":0},"end":{"line":71,"column":16}},"71":{"start":{"line":72,"column":0},"end":{"line":72,"column":71}},"74":{"start":{"line":75,"column":0},"end":{"line":75,"column":49}},"75":{"start":{"line":76,"column":0},"end":{"line":76,"column":90}},"76":{"start":{"line":77,"column":0},"end":{"line":77,"column":24}},"77":{"start":{"line":78,"column":0},"end":{"line":78,"column":68}},"78":{"start":{"line":79,"column":0},"end":{"line":79,"column":24}},"79":{"start":{"line":80,"column":0},"end":{"line":80,"column":3}},"81":{"start":{"line":82,"column":0},"end":{"line":82,"column":10}},"82":{"start":{"line":83,"column":0},"end":{"line":83,"column":11}},"83":{"start":{"line":84,"column":0},"end":{"line":84,"column":27}},"84":{"start":{"line":85,"column":0},"end":{"line":85,"column":34}},"85":{"start":{"line":86,"column":0},"end":{"line":86,"column":26}},"86":{"start":{"line":87,"column":0},"end":{"line":87,"column":21}},"87":{"start":{"line":88,"column":0},"end":{"line":88,"column":20}},"88":{"start":{"line":89,"column":0},"end":{"line":89,"column":19}},"89":{"start":{"line":90,"column":0},"end":{"line":90,"column":30}},"90":{"start":{"line":91,"column":0},"end":{"line":91,"column":4}},"91":{"start":{"line":92,"column":0},"end":{"line":92,"column":1}}},"s":{"38":1,"39":1,"40":1,"41":1,"42":1,"48":1,"49":3,"50":3,"51":3,"52":3,"53":3,"54":1,"55":1,"56":1,"57":1,"58":1,"59":1,"60":1,"61":1,"62":1,"63":1,"64":1,"67":2,"68":2,"69":2,"70":2,"71":2,"74":2,"75":3,"76":1,"77":1,"78":0,"79":0,"81":2,"82":2,"83":2,"84":2,"85":2,"86":2,"87":2,"88":2,"89":2,"90":2,"91":2},"branchMap":{"0":{"type":"branch","line":49,"loc":{"start":{"line":49,"column":7},"end":{"line":92,"column":1}},"locations":[{"start":{"line":49,"column":7},"end":{"line":92,"column":1}}]},"1":{"type":"branch","line":54,"loc":{"start":{"line":54,"column":29},"end":{"line":65,"column":3}},"locations":[{"start":{"line":54,"column":29},"end":{"line":65,"column":3}}]},"2":{"type":"branch","line":65,"loc":{"start":{"line":65,"column":2},"end":{"line":76,"column":34}},"locations":[{"start":{"line":65,"column":2},"end":{"line":76,"column":34}}]},"3":{"type":"branch","line":76,"loc":{"start":{"line":76,"column":15},"end":{"line":76,"column":64}},"locations":[{"start":{"line":76,"column":15},"end":{"line":76,"column":64}}]},"4":{"type":"branch","line":76,"loc":{"start":{"line":76,"column":44},"end":{"line":76,"column":89}},"locations":[{"start":{"line":76,"column":44},"end":{"line":76,"column":89}}]},"5":{"type":"branch","line":76,"loc":{"start":{"line":76,"column":89},"end":{"line":80,"column":3}},"locations":[{"start":{"line":76,"column":89},"end":{"line":80,"column":3}}]},"6":{"type":"branch","line":78,"loc":{"start":{"line":78,"column":67},"end":{"line":80,"column":3}},"locations":[{"start":{"line":78,"column":67},"end":{"line":80,"column":3}}]},"7":{"type":"branch","line":80,"loc":{"start":{"line":80,"column":2},"end":{"line":92,"column":1}},"locations":[{"start":{"line":80,"column":2},"end":{"line":92,"column":1}}]},"8":{"type":"branch","line":68,"loc":{"start":{"line":68,"column":42},"end":{"line":68,"column":65}},"locations":[{"start":{"line":68,"column":42},"end":{"line":68,"column":65}}]},"9":{"type":"branch","line":69,"loc":{"start":{"line":69,"column":43},"end":{"line":69,"column":72}},"locations":[{"start":{"line":69,"column":43},"end":{"line":69,"column":72}}]},"10":{"type":"branch","line":70,"loc":{"start":{"line":70,"column":43},"end":{"line":70,"column":64}},"locations":[{"start":{"line":70,"column":43},"end":{"line":70,"column":64}}]},"11":{"type":"branch","line":72,"loc":{"start":{"line":72,"column":20},"end":{"line":72,"column":50}},"locations":[{"start":{"line":72,"column":20},"end":{"line":72,"column":50}}]}},"b":{"0":[3],"1":[1],"2":[2],"3":[1],"4":[1],"5":[1],"6":[0],"7":[2],"8":[2],"9":[2],"10":[2],"11":[2]},"fnMap":{"0":{"name":"aggregateSystemHealth","decl":{"start":{"line":49,"column":7},"end":{"line":92,"column":1}},"loc":{"start":{"line":49,"column":7},"end":{"line":92,"column":1}},"line":49}},"f":{"0":3}}
,"/home/node/.openclaw/workspace/work/flow/openclaw-test-harness/ts/src/plugins/shared/types.ts": {"path":"/home/node/.openclaw/workspace/work/flow/openclaw-test-harness/ts/src/plugins/shared/types.ts","all":true,"statementMap":{"12":{"start":{"line":13,"column":0},"end":{"line":13,"column":21}},"13":{"start":{"line":14,"column":0},"end":{"line":14,"column":47}},"14":{"start":{"line":15,"column":0},"end":{"line":15,"column":42}},"15":{"start":{"line":16,"column":0},"end":{"line":16,"column":4}},"16":{"start":{"line":17,"column":0},"end":{"line":17,"column":43}},"17":{"start":{"line":18,"column":0},"end":{"line":18,"column":39}},"18":{"start":{"line":19,"column":0},"end":{"line":19,"column":4}},"19":{"start":{"line":20,"column":0},"end":{"line":20,"column":40}},"20":{"start":{"line":21,"column":0},"end":{"line":21,"column":36}},"21":{"start":{"line":22,"column":0},"end":{"line":22,"column":4}},"22":{"start":{"line":23,"column":0},"end":{"line":23,"column":2}},"71":{"start":{"line":72,"column":0},"end":{"line":72,"column":76}},"72":{"start":{"line":73,"column":0},"end":{"line":73,"column":13}},"73":{"start":{"line":74,"column":0},"end":{"line":74,"column":1}}},"s":{"12":0,"13":0,"14":0,"15":0,"16":0,"17":0,"18":0,"19":0,"20":0,"21":0,"22":0,"71":0,"72":0,"73":0},"branchMap":{"0":{"type":"branch","line":1,"loc":{"start":{"line":1,"column":1967},"end":{"line":74,"column":1}},"locations":[{"start":{"line":1,"column":1967},"end":{"line":74,"column":1}}]}},"b":{"0":[1]},"fnMap":{"0":{"name":"(empty-report)","decl":{"start":{"line":1,"column":1967},"end":{"line":74,"column":1}},"loc":{"start":{"line":1,"column":1967},"end":{"line":74,"column":1}},"line":1}},"f":{"0":1}}
}
